TN:
SF:src/observability/app/components/agent-list.mjs
FN:3,AgentList
FN:12,connectedCallback
FN:16,get observedAttributes
FN:20,attributeChangedCallback
FN:25,set agents
FN:32,get agents
FN:45,set currentChannel
FN:50,get currentChannel
FN:59,render
FN:370,renderAgent
FN:410,escapeHtml
FNF:11
FNH:9
FNDA:21,AgentList
FNDA:21,connectedCallback
FNDA:1,get observedAttributes
FNDA:0,attributeChangedCallback
FNDA:18,set agents
FNDA:42,get agents
FNDA:3,set currentChannel
FNDA:0,get currentChannel
FNDA:42,render
FNDA:17,renderAgent
FNDA:42,escapeHtml
DA:1,1
DA:2,1
DA:3,1
DA:4,21
DA:5,21
DA:6,21
DA:7,21
DA:8,21
DA:9,21
DA:10,21
DA:11,1
DA:12,1
DA:13,21
DA:14,21
DA:15,1
DA:16,1
DA:17,1
DA:18,1
DA:19,1
DA:20,1
DA:21,0
DA:22,0
DA:23,1
DA:24,1
DA:25,1
DA:26,18
DA:27,18
DA:28,18
DA:29,18
DA:30,18
DA:31,1
DA:32,1
DA:33,42
DA:34,42
DA:35,16
DA:36,16
DA:37,26
DA:38,26
DA:39,42
DA:40,42
DA:41,0
DA:42,0
DA:43,42
DA:44,1
DA:45,1
DA:46,3
DA:47,3
DA:48,3
DA:49,1
DA:50,1
DA:51,0
DA:52,0
DA:53,0
DA:54,0
DA:55,0
DA:56,0
DA:57,0
DA:58,1
DA:59,1
DA:60,42
DA:61,42
DA:62,42
DA:63,42
DA:64,42
DA:65,42
DA:66,42
DA:67,42
DA:68,42
DA:69,42
DA:70,42
DA:71,42
DA:72,42
DA:73,42
DA:74,42
DA:75,42
DA:76,42
DA:77,42
DA:78,42
DA:79,42
DA:80,42
DA:81,42
DA:82,42
DA:83,42
DA:84,42
DA:85,42
DA:86,42
DA:87,42
DA:88,42
DA:89,42
DA:90,42
DA:91,42
DA:92,42
DA:93,42
DA:94,42
DA:95,42
DA:96,42
DA:97,42
DA:98,42
DA:99,42
DA:100,42
DA:101,42
DA:102,42
DA:103,42
DA:104,42
DA:105,42
DA:106,42
DA:107,42
DA:108,42
DA:109,42
DA:110,42
DA:111,42
DA:112,42
DA:113,42
DA:114,42
DA:115,42
DA:116,42
DA:117,42
DA:118,42
DA:119,42
DA:120,42
DA:121,42
DA:122,42
DA:123,42
DA:124,42
DA:125,42
DA:126,42
DA:127,42
DA:128,42
DA:129,42
DA:130,42
DA:131,42
DA:132,42
DA:133,42
DA:134,42
DA:135,42
DA:136,42
DA:137,42
DA:138,42
DA:139,42
DA:140,42
DA:141,42
DA:142,42
DA:143,42
DA:144,42
DA:145,42
DA:146,42
DA:147,42
DA:148,42
DA:149,42
DA:150,42
DA:151,42
DA:152,42
DA:153,42
DA:154,42
DA:155,42
DA:156,42
DA:157,42
DA:158,42
DA:159,42
DA:160,42
DA:161,42
DA:162,42
DA:163,42
DA:164,42
DA:165,42
DA:166,42
DA:167,42
DA:168,42
DA:169,42
DA:170,42
DA:171,42
DA:172,42
DA:173,42
DA:174,42
DA:175,42
DA:176,42
DA:177,42
DA:178,42
DA:179,42
DA:180,42
DA:181,42
DA:182,42
DA:183,42
DA:184,42
DA:185,42
DA:186,42
DA:187,42
DA:188,42
DA:189,42
DA:190,42
DA:191,42
DA:192,42
DA:193,42
DA:194,42
DA:195,42
DA:196,42
DA:197,42
DA:198,42
DA:199,42
DA:200,42
DA:201,42
DA:202,42
DA:203,42
DA:204,42
DA:205,42
DA:206,42
DA:207,42
DA:208,42
DA:209,42
DA:210,42
DA:211,42
DA:212,42
DA:213,42
DA:214,42
DA:215,42
DA:216,42
DA:217,42
DA:218,42
DA:219,42
DA:220,42
DA:221,42
DA:222,42
DA:223,42
DA:224,42
DA:225,42
DA:226,42
DA:227,42
DA:228,42
DA:229,42
DA:230,42
DA:231,42
DA:232,42
DA:233,42
DA:234,42
DA:235,42
DA:236,42
DA:237,42
DA:238,42
DA:239,42
DA:240,42
DA:241,42
DA:242,42
DA:243,42
DA:244,42
DA:245,42
DA:246,42
DA:247,42
DA:248,42
DA:249,42
DA:250,42
DA:251,42
DA:252,42
DA:253,42
DA:254,42
DA:255,42
DA:256,42
DA:257,42
DA:258,42
DA:259,42
DA:260,42
DA:261,42
DA:262,42
DA:263,42
DA:264,42
DA:265,42
DA:266,42
DA:267,42
DA:268,42
DA:269,42
DA:270,42
DA:271,42
DA:272,42
DA:273,42
DA:274,42
DA:275,42
DA:276,42
DA:277,42
DA:278,42
DA:279,42
DA:280,42
DA:281,42
DA:282,42
DA:283,42
DA:284,42
DA:285,42
DA:286,42
DA:287,42
DA:288,42
DA:289,42
DA:290,42
DA:291,42
DA:292,26
DA:293,26
DA:294,26
DA:295,42
DA:296,42
DA:297,42
DA:298,42
DA:299,42
DA:300,42
DA:301,17
DA:302,0
DA:303,0
DA:304,0
DA:305,0
DA:306,17
DA:307,42
DA:308,42
DA:309,42
DA:310,17
DA:311,0
DA:312,0
DA:313,0
DA:314,0
DA:315,0
DA:316,0
DA:317,0
DA:318,0
DA:319,0
DA:320,0
DA:321,0
DA:322,17
DA:323,42
DA:324,42
DA:325,42
DA:326,17
DA:327,0
DA:328,0
DA:329,0
DA:330,0
DA:331,0
DA:332,0
DA:333,17
DA:334,42
DA:335,42
DA:336,42
DA:337,4
DA:338,1
DA:339,1
DA:340,1
DA:341,1
DA:342,1
DA:343,4
DA:344,42
DA:345,42
DA:346,42
DA:347,4
DA:348,0
DA:349,0
DA:350,0
DA:351,0
DA:352,0
DA:353,4
DA:354,42
DA:355,42
DA:356,42
DA:357,42
DA:358,17
DA:359,1
DA:360,1
DA:361,1
DA:362,1
DA:363,1
DA:364,1
DA:365,1
DA:366,17
DA:367,42
DA:368,42
DA:369,1
DA:370,1
DA:371,17
DA:372,17
DA:373,17
DA:374,17
DA:375,17
DA:376,17
DA:377,17
DA:378,17
DA:379,17
DA:380,17
DA:381,17
DA:382,17
DA:383,17
DA:384,17
DA:385,17
DA:386,17
DA:387,17
DA:388,17
DA:389,17
DA:390,17
DA:391,17
DA:392,17
DA:393,17
DA:394,17
DA:395,17
DA:396,4
DA:397,4
DA:398,4
DA:399,4
DA:400,4
DA:401,4
DA:402,4
DA:403,4
DA:404,4
DA:405,17
DA:406,17
DA:407,17
DA:408,17
DA:409,1
DA:410,1
DA:411,42
DA:412,42
DA:413,42
DA:414,42
DA:415,1
DA:416,1
DA:417,1
LF:417
LH:380
BRDA:1,0,0,1
BRDA:3,1,0,21
BRDA:12,2,0,21
BRDA:16,3,0,1
BRDA:25,4,0,18
BRDA:32,5,0,42
BRDA:34,6,0,16
BRDA:37,7,0,26
BRDA:40,8,0,0
BRDA:45,9,0,3
BRDA:59,10,0,42
BRDA:291,11,0,26
BRDA:295,12,0,16
BRDA:295,13,0,16
BRDA:300,14,0,17
BRDA:309,15,0,17
BRDA:325,16,0,17
BRDA:336,17,0,4
BRDA:337,18,0,1
BRDA:338,19,0,0
BRDA:346,20,0,4
BRDA:357,21,0,17
BRDA:358,22,0,1
BRDA:370,23,0,17
BRDA:371,24,0,0
BRDA:372,25,0,0
BRDA:372,26,0,0
BRDA:375,27,0,13
BRDA:384,28,0,0
BRDA:388,29,0,0
BRDA:389,30,0,0
BRDA:395,31,0,4
BRDA:405,32,0,13
BRDA:397,33,0,4
BRDA:398,34,0,0
BRDA:400,35,0,0
BRDA:410,36,0,42
BRF:37
BRH:27
end_of_record
TN:
SF:src/observability/app/components/channel-list.mjs
FN:3,ChannelList
FN:19,connectedCallback
FN:23,get observedAttributes
FN:27,attributeChangedCallback
FN:32,set channels
FN:40,get channels
FN:54,set currentChannel
FN:59,get currentChannel
FN:68,loadMuteStates
FN:80,saveMuteStates
FN:89,isMuted
FN:93,toggleMute
FN:106,getUnreadCount
FN:110,setUnreadCount
FN:115,incrementUnreadCount
FN:131,clearUnreadCount
FN:135,playNotificationSound
FN:148,handleNewEvent
FN:152,render
FNF:19
FNH:15
FNDA:16,ChannelList
FNDA:16,connectedCallback
FNDA:1,get observedAttributes
FNDA:0,attributeChangedCallback
FNDA:9,set channels
FNDA:32,get channels
FNDA:2,set currentChannel
FNDA:32,get currentChannel
FNDA:16,loadMuteStates
FNDA:1,saveMuteStates
FNDA:17,isMuted
FNDA:1,toggleMute
FNDA:15,getUnreadCount
FNDA:3,setUnreadCount
FNDA:0,incrementUnreadCount
FNDA:1,clearUnreadCount
FNDA:0,playNotificationSound
FNDA:0,handleNewEvent
FNDA:31,render
DA:1,1
DA:2,1
DA:3,1
DA:4,16
DA:5,16
DA:6,16
DA:7,16
DA:8,16
DA:9,16
DA:10,16
DA:11,16
DA:12,16
DA:13,16
DA:14,16
DA:15,16
DA:16,16
DA:17,16
DA:18,1
DA:19,1
DA:20,16
DA:21,16
DA:22,1
DA:23,1
DA:24,1
DA:25,1
DA:26,1
DA:27,1
DA:28,0
DA:29,0
DA:30,1
DA:31,1
DA:32,1
DA:33,9
DA:34,9
DA:35,9
DA:36,9
DA:37,9
DA:38,9
DA:39,1
DA:40,1
DA:41,32
DA:42,32
DA:43,12
DA:44,12
DA:45,20
DA:46,20
DA:47,20
DA:48,32
DA:49,32
DA:50,0
DA:51,0
DA:52,32
DA:53,1
DA:54,1
DA:55,2
DA:56,2
DA:57,2
DA:58,1
DA:59,1
DA:60,32
DA:61,32
DA:62,32
DA:63,32
DA:64,0
DA:65,0
DA:66,32
DA:67,1
DA:68,1
DA:69,16
DA:70,16
DA:71,16
DA:72,6
DA:73,6
DA:74,6
DA:75,16
DA:76,0
DA:77,0
DA:78,16
DA:79,1
DA:80,1
DA:81,1
DA:82,1
DA:83,1
DA:84,1
DA:85,0
DA:86,0
DA:87,1
DA:88,1
DA:89,1
DA:90,17
DA:91,17
DA:92,1
DA:93,1
DA:94,1
DA:95,1
DA:96,1
DA:97,1
DA:98,1
DA:99,1
DA:100,1
DA:101,1
DA:102,1
DA:103,1
DA:104,1
DA:105,1
DA:106,1
DA:107,15
DA:108,15
DA:109,1
DA:110,1
DA:111,3
DA:112,3
DA:113,3
DA:114,1
DA:115,1
DA:116,0
DA:117,0
DA:118,0
DA:119,0
DA:120,0
DA:121,0
DA:122,0
DA:123,0
DA:124,0
DA:125,0
DA:126,0
DA:127,0
DA:128,0
DA:129,0
DA:130,1
DA:131,1
DA:132,1
DA:133,1
DA:134,1
DA:135,1
DA:136,0
DA:137,0
DA:138,0
DA:139,0
DA:140,0
DA:141,0
DA:142,0
DA:143,0
DA:144,0
DA:145,0
DA:146,1
DA:147,1
DA:148,1
DA:149,0
DA:150,0
DA:151,1
DA:152,1
DA:153,31
DA:154,31
DA:155,31
DA:156,31
DA:157,31
DA:158,31
DA:159,31
DA:160,31
DA:161,31
DA:162,31
DA:163,31
DA:164,31
DA:165,31
DA:166,31
DA:167,31
DA:168,31
DA:169,31
DA:170,31
DA:171,31
DA:172,31
DA:173,31
DA:174,31
DA:175,31
DA:176,31
DA:177,31
DA:178,31
DA:179,31
DA:180,31
DA:181,31
DA:182,31
DA:183,31
DA:184,31
DA:185,31
DA:186,31
DA:187,31
DA:188,31
DA:189,31
DA:190,31
DA:191,31
DA:192,31
DA:193,31
DA:194,31
DA:195,31
DA:196,31
DA:197,31
DA:198,31
DA:199,31
DA:200,31
DA:201,31
DA:202,31
DA:203,31
DA:204,31
DA:205,31
DA:206,31
DA:207,31
DA:208,31
DA:209,31
DA:210,31
DA:211,31
DA:212,31
DA:213,31
DA:214,31
DA:215,31
DA:216,31
DA:217,31
DA:218,31
DA:219,31
DA:220,31
DA:221,31
DA:222,31
DA:223,31
DA:224,31
DA:225,31
DA:226,31
DA:227,31
DA:228,31
DA:229,31
DA:230,31
DA:231,31
DA:232,31
DA:233,31
DA:234,31
DA:235,31
DA:236,31
DA:237,31
DA:238,31
DA:239,31
DA:240,31
DA:241,31
DA:242,31
DA:243,31
DA:244,31
DA:245,31
DA:246,31
DA:247,31
DA:248,31
DA:249,31
DA:250,31
DA:251,31
DA:252,31
DA:253,31
DA:254,31
DA:255,31
DA:256,31
DA:257,31
DA:258,31
DA:259,31
DA:260,31
DA:261,31
DA:262,31
DA:263,31
DA:264,31
DA:265,31
DA:266,31
DA:267,31
DA:268,31
DA:269,31
DA:270,31
DA:271,31
DA:272,31
DA:273,31
DA:274,31
DA:275,31
DA:276,31
DA:277,31
DA:278,31
DA:279,31
DA:280,31
DA:281,31
DA:282,31
DA:283,31
DA:284,31
DA:285,31
DA:286,31
DA:287,31
DA:288,31
DA:289,31
DA:290,31
DA:291,31
DA:292,31
DA:293,31
DA:294,31
DA:295,31
DA:296,31
DA:297,31
DA:298,31
DA:299,31
DA:300,31
DA:301,31
DA:302,31
DA:303,31
DA:304,31
DA:305,31
DA:306,31
DA:307,31
DA:308,31
DA:309,31
DA:310,31
DA:311,31
DA:312,31
DA:313,19
DA:314,19
DA:315,19
DA:316,19
DA:317,31
DA:318,15
DA:319,15
DA:320,15
DA:321,15
DA:322,15
DA:323,15
DA:324,15
DA:325,15
DA:326,15
DA:327,15
DA:328,15
DA:329,15
DA:330,15
DA:331,15
DA:332,15
DA:333,15
DA:334,15
DA:335,31
DA:336,31
DA:337,31
DA:338,31
DA:339,31
DA:340,31
DA:341,31
DA:342,31
DA:343,31
DA:344,31
DA:345,1
DA:346,1
DA:347,1
DA:348,1
DA:349,31
DA:350,31
DA:351,31
DA:352,15
DA:353,1
DA:354,1
DA:355,1
DA:356,1
DA:357,1
DA:358,1
DA:359,1
DA:360,15
DA:361,31
DA:362,31
DA:363,31
DA:364,15
DA:365,1
DA:366,1
DA:367,1
DA:368,1
DA:369,1
DA:370,1
DA:371,1
DA:372,1
DA:373,1
DA:374,1
DA:375,1
DA:376,1
DA:377,15
DA:378,31
DA:379,31
DA:380,31
DA:381,1
DA:382,1
DA:383,31
DA:384,31
DA:385,1
DA:386,1
DA:387,1
LF:387
LH:351
BRDA:1,0,0,1
BRDA:3,1,0,16
BRDA:19,2,0,16
BRDA:23,3,0,1
BRDA:32,4,0,9
BRDA:40,5,0,32
BRDA:42,6,0,14
BRDA:42,7,0,12
BRDA:45,8,0,20
BRDA:48,9,0,0
BRDA:48,10,0,20
BRDA:49,11,0,0
BRDA:54,12,0,2
BRDA:59,13,0,32
BRDA:64,14,0,0
BRDA:68,15,0,16
BRDA:71,16,0,6
BRDA:75,17,0,0
BRDA:80,18,0,1
BRDA:84,19,0,0
BRDA:89,20,0,17
BRDA:93,21,0,1
BRDA:106,22,0,15
BRDA:107,23,0,14
BRDA:110,24,0,3
BRDA:131,25,0,1
BRDA:152,26,0,31
BRDA:312,27,0,19
BRDA:317,28,0,12
BRDA:317,29,0,12
BRDA:318,30,0,0
BRDA:318,31,0,0
BRDA:322,32,0,1
BRDA:325,33,0,1
BRDA:325,34,0,14
BRDA:328,35,0,1
BRDA:328,36,0,14
BRDA:329,37,0,2
BRDA:329,38,0,13
BRDA:329,39,0,2
BRDA:329,40,0,13
BRDA:330,41,0,2
BRDA:330,42,0,13
BRDA:344,43,0,1
BRDA:351,44,0,15
BRDA:352,45,0,1
BRDA:353,46,0,0
BRDA:363,47,0,15
BRDA:364,48,0,1
BRDA:380,49,0,1
BRF:50
BRH:42
end_of_record
TN:
SF:src/observability/app/components/lucene-filter.mjs
FN:3,LuceneFilter
FN:12,connectedCallback
FN:23,disconnectedCallback
FN:30,get observedAttributes
FN:34,attributeChangedCallback
FN:39,set filter
FN:44,get filter
FN:53,appendExclusion
FN:72,updateDisplay
FN:83,render
FN:206,setupEventListeners
FN:263,setError
FN:277,clearError
FNF:13
FNH:8
FNDA:9,LuceneFilter
FNDA:9,connectedCallback
FNDA:9,disconnectedCallback
FNDA:1,get observedAttributes
FNDA:0,attributeChangedCallback
FNDA:4,set filter
FNDA:0,get filter
FNDA:0,appendExclusion
FNDA:4,updateDisplay
FNDA:9,render
FNDA:9,setupEventListeners
FNDA:0,setError
FNDA:0,clearError
DA:1,1
DA:2,1
DA:3,1
DA:4,9
DA:5,9
DA:6,9
DA:7,9
DA:8,9
DA:9,9
DA:10,9
DA:11,1
DA:12,1
DA:13,9
DA:14,9
DA:15,9
DA:16,9
DA:17,9
DA:18,9
DA:19,9
DA:20,9
DA:21,9
DA:22,1
DA:23,1
DA:24,9
DA:25,9
DA:26,0
DA:27,0
DA:28,9
DA:29,1
DA:30,1
DA:31,1
DA:32,1
DA:33,1
DA:34,1
DA:35,0
DA:36,0
DA:37,1
DA:38,1
DA:39,1
DA:40,4
DA:41,4
DA:42,4
DA:43,1
DA:44,1
DA:45,0
DA:46,0
DA:47,0
DA:48,0
DA:49,0
DA:50,0
DA:51,0
DA:52,1
DA:53,1
DA:54,0
DA:55,0
DA:56,0
DA:57,0
DA:58,0
DA:59,0
DA:60,0
DA:61,0
DA:62,0
DA:63,0
DA:64,0
DA:65,0
DA:66,0
DA:67,0
DA:68,0
DA:69,0
DA:70,0
DA:71,1
DA:72,1
DA:73,4
DA:74,4
DA:75,4
DA:76,4
DA:77,4
DA:78,4
DA:79,4
DA:80,4
DA:81,4
DA:82,1
DA:83,1
DA:84,9
DA:85,9
DA:86,9
DA:87,9
DA:88,9
DA:89,9
DA:90,9
DA:91,9
DA:92,9
DA:93,9
DA:94,9
DA:95,9
DA:96,9
DA:97,9
DA:98,9
DA:99,9
DA:100,9
DA:101,9
DA:102,9
DA:103,9
DA:104,9
DA:105,9
DA:106,9
DA:107,9
DA:108,9
DA:109,9
DA:110,9
DA:111,9
DA:112,9
DA:113,9
DA:114,9
DA:115,9
DA:116,9
DA:117,9
DA:118,9
DA:119,9
DA:120,9
DA:121,9
DA:122,9
DA:123,9
DA:124,9
DA:125,9
DA:126,9
DA:127,9
DA:128,9
DA:129,9
DA:130,9
DA:131,9
DA:132,9
DA:133,9
DA:134,9
DA:135,9
DA:136,9
DA:137,9
DA:138,9
DA:139,9
DA:140,9
DA:141,9
DA:142,9
DA:143,9
DA:144,9
DA:145,9
DA:146,9
DA:147,9
DA:148,9
DA:149,9
DA:150,9
DA:151,9
DA:152,9
DA:153,9
DA:154,9
DA:155,9
DA:156,9
DA:157,9
DA:158,9
DA:159,9
DA:160,9
DA:161,9
DA:162,9
DA:163,9
DA:164,9
DA:165,9
DA:166,9
DA:167,9
DA:168,9
DA:169,9
DA:170,9
DA:171,9
DA:172,9
DA:173,9
DA:174,9
DA:175,9
DA:176,9
DA:177,9
DA:178,9
DA:179,9
DA:180,9
DA:181,9
DA:182,9
DA:183,9
DA:184,9
DA:185,9
DA:186,9
DA:187,9
DA:188,9
DA:189,9
DA:190,9
DA:191,9
DA:192,9
DA:193,9
DA:194,9
DA:195,9
DA:196,9
DA:197,9
DA:198,9
DA:199,9
DA:200,9
DA:201,9
DA:202,9
DA:203,9
DA:204,9
DA:205,1
DA:206,1
DA:207,9
DA:208,9
DA:209,9
DA:210,9
DA:211,0
DA:212,0
DA:213,0
DA:214,9
DA:215,9
DA:216,9
DA:217,1
DA:218,1
DA:219,1
DA:220,1
DA:221,0
DA:222,0
DA:223,0
DA:224,1
DA:225,1
DA:226,1
DA:227,1
DA:228,1
DA:229,1
DA:230,1
DA:231,1
DA:232,1
DA:233,1
DA:234,1
DA:235,1
DA:236,1
DA:237,1
DA:238,1
DA:239,1
DA:240,1
DA:241,1
DA:242,1
DA:243,1
DA:244,9
DA:245,9
DA:246,9
DA:247,1
DA:248,1
DA:249,1
DA:250,1
DA:251,0
DA:252,0
DA:253,0
DA:254,1
DA:255,1
DA:256,1
DA:257,1
DA:258,1
DA:259,1
DA:260,9
DA:261,9
DA:262,1
DA:263,1
DA:264,0
DA:265,0
DA:266,0
DA:267,0
DA:268,0
DA:269,0
DA:270,0
DA:271,0
DA:272,0
DA:273,0
DA:274,0
DA:275,0
DA:276,1
DA:277,1
DA:278,0
DA:279,0
DA:280,0
DA:281,0
DA:282,0
DA:283,0
DA:284,0
DA:285,0
DA:286,0
DA:287,1
DA:288,1
DA:289,1
LF:289
LH:231
BRDA:1,0,0,1
BRDA:3,1,0,9
BRDA:12,2,0,9
BRDA:23,3,0,9
BRDA:25,4,0,0
BRDA:30,5,0,1
BRDA:39,6,0,4
BRDA:40,7,0,0
BRDA:72,8,0,4
BRDA:79,9,0,0
BRDA:83,10,0,9
BRDA:206,11,0,9
BRDA:210,12,0,0
BRDA:216,13,0,1
BRDA:219,14,0,1
BRDA:220,15,0,0
BRDA:227,16,0,0
BRDA:246,17,0,1
BRDA:250,18,0,0
BRF:19
BRH:12
end_of_record
TN:
SF:src/observability/app/components/message-input.mjs
FN:3,MessageInput
FN:15,connectedCallback
FN:20,disconnectedCallback
FN:24,get observedAttributes
FN:28,attributeChangedCallback
FN:32,setupEventListeners
FN:34,handleAutocompleteResults
FN:40,handlePopulateMention
FN:54,cleanup
FN:64,set currentChannel
FN:69,get currentChannel
FN:78,set agents
FN:85,get agents
FN:98,render
FN:366,handleMentionInput
FN:382,updateSuggestions
FN:410,addTemplateSuggestions
FN:436,renderSuggestions
FN:463,selectSuggestion
FN:485,toggleVoiceDictation
FN:530,stopRecording
FN:537,sendMessage
FN:602,handleSlashCommand
FN:678,showError
FN:686,escapeHtml
FNF:25
FNH:18
FNDA:26,MessageInput
FNDA:26,connectedCallback
FNDA:26,disconnectedCallback
FNDA:1,get observedAttributes
FNDA:0,attributeChangedCallback
FNDA:26,setupEventListeners
FNDA:0,handleAutocompleteResults
FNDA:0,handlePopulateMention
FNDA:26,cleanup
FNDA:6,set currentChannel
FNDA:7,get currentChannel
FNDA:4,set agents
FNDA:4,get agents
FNDA:36,render
FNDA:6,handleMentionInput
FNDA:4,updateSuggestions
FNDA:0,addTemplateSuggestions
FNDA:4,renderSuggestions
FNDA:1,selectSuggestion
FNDA:0,toggleVoiceDictation
FNDA:0,stopRecording
FNDA:8,sendMessage
FNDA:0,handleSlashCommand
FNDA:3,showError
FNDA:4,escapeHtml
DA:1,1
DA:2,1
DA:3,1
DA:4,26
DA:5,26
DA:6,26
DA:7,26
DA:8,26
DA:9,26
DA:10,26
DA:11,26
DA:12,26
DA:13,26
DA:14,1
DA:15,1
DA:16,26
DA:17,26
DA:18,26
DA:19,1
DA:20,1
DA:21,26
DA:22,26
DA:23,1
DA:24,1
DA:25,1
DA:26,1
DA:27,1
DA:28,1
DA:29,0
DA:30,0
DA:31,1
DA:32,1
DA:33,26
DA:34,26
DA:35,0
DA:36,0
DA:37,26
DA:38,26
DA:39,26
DA:40,26
DA:41,0
DA:42,0
DA:43,0
DA:44,0
DA:45,0
DA:46,0
DA:47,0
DA:48,26
DA:49,26
DA:50,26
DA:51,26
DA:52,26
DA:53,1
DA:54,1
DA:55,26
DA:56,26
DA:57,26
DA:58,26
DA:59,26
DA:60,26
DA:61,26
DA:62,1
DA:63,1
DA:64,1
DA:65,6
DA:66,6
DA:67,6
DA:68,1
DA:69,1
DA:70,7
DA:71,7
DA:72,4
DA:73,4
DA:74,3
DA:75,3
DA:76,7
DA:77,1
DA:78,1
DA:79,4
DA:80,4
DA:81,4
DA:82,4
DA:83,4
DA:84,1
DA:85,1
DA:86,4
DA:87,4
DA:88,3
DA:89,3
DA:90,1
DA:91,1
DA:92,4
DA:93,4
DA:94,0
DA:95,0
DA:96,4
DA:97,1
DA:98,1
DA:99,36
DA:100,36
DA:101,36
DA:102,36
DA:103,36
DA:104,36
DA:105,36
DA:106,36
DA:107,36
DA:108,36
DA:109,36
DA:110,36
DA:111,36
DA:112,36
DA:113,36
DA:114,36
DA:115,36
DA:116,36
DA:117,36
DA:118,36
DA:119,36
DA:120,36
DA:121,36
DA:122,36
DA:123,36
DA:124,36
DA:125,36
DA:126,36
DA:127,36
DA:128,36
DA:129,36
DA:130,36
DA:131,36
DA:132,36
DA:133,36
DA:134,36
DA:135,36
DA:136,36
DA:137,36
DA:138,36
DA:139,36
DA:140,36
DA:141,36
DA:142,36
DA:143,36
DA:144,36
DA:145,36
DA:146,36
DA:147,36
DA:148,36
DA:149,36
DA:150,36
DA:151,36
DA:152,36
DA:153,36
DA:154,36
DA:155,36
DA:156,36
DA:157,36
DA:158,36
DA:159,36
DA:160,36
DA:161,36
DA:162,36
DA:163,36
DA:164,36
DA:165,36
DA:166,36
DA:167,36
DA:168,36
DA:169,36
DA:170,36
DA:171,36
DA:172,36
DA:173,36
DA:174,36
DA:175,36
DA:176,36
DA:177,36
DA:178,36
DA:179,36
DA:180,36
DA:181,36
DA:182,36
DA:183,36
DA:184,36
DA:185,36
DA:186,36
DA:187,36
DA:188,36
DA:189,36
DA:190,36
DA:191,36
DA:192,36
DA:193,36
DA:194,36
DA:195,36
DA:196,36
DA:197,36
DA:198,36
DA:199,36
DA:200,36
DA:201,36
DA:202,36
DA:203,36
DA:204,36
DA:205,36
DA:206,36
DA:207,36
DA:208,36
DA:209,36
DA:210,36
DA:211,36
DA:212,36
DA:213,36
DA:214,36
DA:215,36
DA:216,36
DA:217,36
DA:218,36
DA:219,36
DA:220,36
DA:221,36
DA:222,36
DA:223,36
DA:224,36
DA:225,36
DA:226,36
DA:227,36
DA:228,36
DA:229,36
DA:230,36
DA:231,36
DA:232,36
DA:233,36
DA:234,36
DA:235,36
DA:236,36
DA:237,36
DA:238,36
DA:239,36
DA:240,36
DA:241,36
DA:242,36
DA:243,36
DA:244,36
DA:245,36
DA:246,36
DA:247,36
DA:248,36
DA:249,36
DA:250,36
DA:251,36
DA:252,36
DA:253,36
DA:254,36
DA:255,36
DA:256,36
DA:257,36
DA:258,36
DA:259,36
DA:260,36
DA:261,36
DA:262,36
DA:263,36
DA:264,36
DA:265,36
DA:266,36
DA:267,36
DA:268,36
DA:269,36
DA:270,36
DA:271,36
DA:272,36
DA:273,36
DA:274,36
DA:275,36
DA:276,36
DA:277,36
DA:278,36
DA:279,36
DA:280,36
DA:281,36
DA:282,36
DA:283,36
DA:284,36
DA:285,36
DA:286,36
DA:287,36
DA:288,36
DA:289,36
DA:290,36
DA:291,36
DA:292,36
DA:293,36
DA:294,36
DA:295,36
DA:296,36
DA:297,36
DA:298,36
DA:299,36
DA:300,36
DA:301,36
DA:302,36
DA:303,36
DA:304,36
DA:305,36
DA:306,36
DA:307,36
DA:308,36
DA:309,36
DA:310,36
DA:311,36
DA:312,36
DA:313,36
DA:314,36
DA:315,6
DA:316,6
DA:317,6
DA:318,6
DA:319,36
DA:320,36
DA:321,36
DA:322,36
DA:323,2
DA:324,0
DA:325,0
DA:326,0
DA:327,0
DA:328,0
DA:329,0
DA:330,0
DA:331,0
DA:332,0
DA:333,0
DA:334,0
DA:335,0
DA:336,0
DA:337,0
DA:338,0
DA:339,0
DA:340,0
DA:341,0
DA:342,2
DA:343,1
DA:344,1
DA:345,1
DA:346,36
DA:347,36
DA:348,36
DA:349,36
DA:350,0
DA:351,36
DA:352,36
DA:353,36
DA:354,36
DA:355,7
DA:356,36
DA:357,36
DA:358,36
DA:359,36
DA:360,137
DA:361,137
DA:362,137
DA:363,36
DA:364,36
DA:365,1
DA:366,1
DA:367,6
DA:368,6
DA:369,6
DA:370,6
DA:371,6
DA:372,6
DA:373,6
DA:374,6
DA:375,4
DA:376,4
DA:377,6
DA:378,2
DA:379,2
DA:380,6
DA:381,1
DA:382,1
DA:383,4
DA:384,4
DA:385,5
DA:386,5
DA:387,5
DA:388,5
DA:389,4
DA:390,4
DA:391,4
DA:392,4
DA:393,5
DA:394,1
DA:395,4
DA:396,4
DA:397,4
DA:398,4
DA:399,3
DA:400,3
DA:401,3
DA:402,3
DA:403,3
DA:404,3
DA:405,4
DA:406,4
DA:407,4
DA:408,4
DA:409,1
DA:410,1
DA:411,0
DA:412,0
DA:413,0
DA:414,0
DA:415,0
DA:416,0
DA:417,0
DA:418,0
DA:419,0
DA:420,0
DA:421,0
DA:422,0
DA:423,0
DA:424,0
DA:425,0
DA:426,0
DA:427,0
DA:428,0
DA:429,0
DA:430,0
DA:431,0
DA:432,0
DA:433,0
DA:434,0
DA:435,1
DA:436,1
DA:437,4
DA:438,1
DA:439,1
DA:440,1
DA:441,3
DA:442,3
DA:443,3
DA:444,4
DA:445,4
DA:446,4
DA:447,4
DA:448,4
DA:449,4
DA:450,4
DA:451,4
DA:452,3
DA:453,3
DA:454,3
DA:455,3
DA:456,4
DA:457,1
DA:458,1
DA:459,4
DA:460,3
DA:461,4
DA:462,1
DA:463,1
DA:464,1
DA:465,1
DA:466,1
DA:467,1
DA:468,1
DA:469,1
DA:470,1
DA:471,1
DA:472,1
DA:473,1
DA:474,1
DA:475,1
DA:476,1
DA:477,1
DA:478,1
DA:479,1
DA:480,1
DA:481,1
DA:482,1
DA:483,1
DA:484,1
DA:485,1
DA:486,0
DA:487,0
DA:488,0
DA:489,0
DA:490,0
DA:491,0
DA:492,0
DA:493,0
DA:494,0
DA:495,0
DA:496,0
DA:497,0
DA:498,0
DA:499,0
DA:500,0
DA:501,0
DA:502,0
DA:503,0
DA:504,0
DA:505,0
DA:506,0
DA:507,0
DA:508,0
DA:509,0
DA:510,0
DA:511,0
DA:512,0
DA:513,0
DA:514,0
DA:515,0
DA:516,0
DA:517,0
DA:518,0
DA:519,0
DA:520,0
DA:521,0
DA:522,0
DA:523,0
DA:524,0
DA:525,0
DA:526,0
DA:527,0
DA:528,0
DA:529,1
DA:530,1
DA:531,0
DA:532,0
DA:533,0
DA:534,0
DA:535,0
DA:536,1
DA:537,1
DA:538,8
DA:539,8
DA:540,8
DA:541,1
DA:542,1
DA:543,7
DA:544,8
DA:545,3
DA:546,3
DA:547,3
DA:548,4
DA:549,4
DA:550,8
DA:551,0
DA:552,0
DA:553,0
DA:554,0
DA:555,0
DA:556,0
DA:557,0
DA:558,0
DA:559,4
DA:560,4
DA:561,4
DA:562,4
DA:563,4
DA:564,4
DA:565,4
DA:566,4
DA:567,4
DA:568,4
DA:569,4
DA:570,4
DA:571,4
DA:572,4
DA:573,4
DA:574,4
DA:575,4
DA:576,4
DA:577,8
DA:578,0
DA:579,0
DA:580,0
DA:581,0
DA:582,0
DA:583,0
DA:584,0
DA:585,0
DA:586,0
DA:587,0
DA:588,0
DA:589,0
DA:590,0
DA:591,0
DA:592,0
DA:593,0
DA:594,0
DA:595,4
DA:596,4
DA:597,4
DA:598,4
DA:599,4
DA:600,8
DA:601,1
DA:602,1
DA:603,0
DA:604,0
DA:605,0
DA:606,0
DA:607,0
DA:608,0
DA:609,0
DA:610,0
DA:611,0
DA:612,0
DA:613,0
DA:614,0
DA:615,0
DA:616,0
DA:617,0
DA:618,0
DA:619,0
DA:620,0
DA:621,0
DA:622,0
DA:623,0
DA:624,0
DA:625,0
DA:626,0
DA:627,0
DA:628,0
DA:629,0
DA:630,0
DA:631,0
DA:632,0
DA:633,0
DA:634,0
DA:635,0
DA:636,0
DA:637,0
DA:638,0
DA:639,0
DA:640,0
DA:641,0
DA:642,0
DA:643,0
DA:644,0
DA:645,0
DA:646,0
DA:647,0
DA:648,0
DA:649,0
DA:650,0
DA:651,0
DA:652,0
DA:653,0
DA:654,0
DA:655,0
DA:656,0
DA:657,0
DA:658,0
DA:659,0
DA:660,0
DA:661,0
DA:662,0
DA:663,0
DA:664,0
DA:665,0
DA:666,0
DA:667,0
DA:668,0
DA:669,0
DA:670,0
DA:671,0
DA:672,0
DA:673,0
DA:674,0
DA:675,0
DA:676,0
DA:677,1
DA:678,1
DA:679,3
DA:680,3
DA:681,3
DA:682,0
DA:683,3
DA:684,3
DA:685,1
DA:686,1
DA:687,4
DA:688,4
DA:689,4
DA:690,4
DA:691,1
DA:692,1
DA:693,1
LF:693
LH:489
BRDA:1,0,0,1
BRDA:3,1,0,26
BRDA:15,2,0,26
BRDA:20,3,0,26
BRDA:24,4,0,1
BRDA:32,5,0,26
BRDA:54,6,0,26
BRDA:64,7,0,6
BRDA:69,8,0,7
BRDA:71,9,0,4
BRDA:74,10,0,3
BRDA:78,11,0,4
BRDA:85,12,0,4
BRDA:87,13,0,3
BRDA:90,14,0,1
BRDA:93,15,0,0
BRDA:98,16,0,36
BRDA:314,17,0,6
BRDA:322,18,0,2
BRDA:323,19,0,0
BRDA:323,20,0,0
BRDA:342,21,0,1
BRDA:354,22,0,7
BRDA:359,23,0,137
BRDA:366,24,0,6
BRDA:374,25,0,4
BRDA:377,26,0,2
BRDA:382,27,0,4
BRDA:398,28,0,3
BRDA:384,29,0,5
BRDA:392,30,0,5
BRDA:393,31,0,1
BRDA:436,32,0,4
BRDA:437,33,0,1
BRDA:441,34,0,3
BRDA:443,35,0,4
BRDA:444,36,0,0
BRDA:446,37,0,3
BRDA:446,38,0,1
BRDA:455,39,0,4
BRDA:456,40,0,1
BRDA:463,41,0,1
BRDA:473,42,0,0
BRDA:537,43,0,8
BRDA:540,44,0,1
BRDA:543,45,0,7
BRDA:544,46,0,3
BRDA:548,47,0,4
BRDA:550,48,0,0
BRDA:559,49,0,4
BRDA:577,50,0,0
BRDA:595,51,0,4
BRDA:678,52,0,3
BRDA:686,53,0,4
BRF:54
BRH:47
end_of_record
TN:
SF:src/observability/app/components/presence-indicator.mjs
FN:3,PresenceIndicator
FN:11,connectedCallback
FN:15,get observedAttributes
FN:19,attributeChangedCallback
FN:24,set workingAgents
FN:31,get workingAgents
FN:44,render
FNF:7
FNH:6
FNDA:14,PresenceIndicator
FNDA:14,connectedCallback
FNDA:1,get observedAttributes
FNDA:0,attributeChangedCallback
FNDA:12,set workingAgents
FNDA:26,get workingAgents
FNDA:26,render
DA:1,1
DA:2,1
DA:3,1
DA:4,14
DA:5,14
DA:6,14
DA:7,14
DA:8,14
DA:9,14
DA:10,1
DA:11,1
DA:12,14
DA:13,14
DA:14,1
DA:15,1
DA:16,1
DA:17,1
DA:18,1
DA:19,1
DA:20,0
DA:21,0
DA:22,1
DA:23,1
DA:24,1
DA:25,12
DA:26,12
DA:27,12
DA:28,12
DA:29,12
DA:30,1
DA:31,1
DA:32,26
DA:33,26
DA:34,11
DA:35,11
DA:36,15
DA:37,15
DA:38,26
DA:39,26
DA:40,0
DA:41,0
DA:42,26
DA:43,1
DA:44,1
DA:45,26
DA:46,26
DA:47,15
DA:48,15
DA:49,15
DA:50,11
DA:51,11
DA:52,11
DA:53,11
DA:54,11
DA:55,11
DA:56,11
DA:57,11
DA:58,11
DA:59,11
DA:60,11
DA:61,11
DA:62,11
DA:63,11
DA:64,11
DA:65,11
DA:66,11
DA:67,11
DA:68,11
DA:69,11
DA:70,11
DA:71,11
DA:72,11
DA:73,11
DA:74,11
DA:75,11
DA:76,11
DA:77,11
DA:78,11
DA:79,11
DA:80,11
DA:81,11
DA:82,11
DA:83,11
DA:84,11
DA:85,11
DA:86,11
DA:87,11
DA:88,11
DA:89,11
DA:90,11
DA:91,11
DA:92,11
DA:93,11
DA:94,11
DA:95,11
DA:96,11
DA:97,11
DA:98,11
DA:99,11
DA:100,11
DA:101,11
DA:102,11
DA:103,11
DA:104,11
DA:105,11
DA:106,11
DA:107,11
DA:108,11
DA:109,11
DA:110,11
DA:111,11
DA:112,11
DA:113,11
DA:114,11
DA:115,11
DA:116,11
DA:117,11
DA:118,11
DA:119,11
DA:120,11
DA:121,11
DA:122,11
DA:123,11
DA:124,11
DA:125,22
DA:126,11
DA:127,26
DA:128,26
DA:129,26
DA:130,26
DA:131,26
DA:132,26
DA:133,26
DA:134,26
DA:135,26
DA:136,1
DA:137,1
DA:138,1
LF:138
LH:134
BRDA:1,0,0,1
BRDA:3,1,0,14
BRDA:11,2,0,14
BRDA:15,3,0,1
BRDA:24,4,0,12
BRDA:31,5,0,26
BRDA:33,6,0,11
BRDA:36,7,0,15
BRDA:39,8,0,0
BRDA:44,9,0,26
BRDA:46,10,0,15
BRDA:50,11,0,11
BRDA:127,12,0,2
BRDA:127,13,0,9
BRDA:130,14,0,8
BRDA:130,15,0,3
BRDA:124,16,0,22
BRDA:125,17,0,0
BRDA:125,18,0,0
BRF:19
BRH:16
end_of_record
TN:
SF:src/observability/app/components/pty-viewer.mjs
FN:3,PtyViewer
FN:14,connectedCallback
FN:22,disconnectedCallback
FN:32,get observedAttributes
FN:36,get sessionId
FN:44,handlePtyData
FN:62,render
FN:140,initTerminal
FN:197,attachToPty
FN:208,detachFromPty
FN:219,sendInput
FN:231,escapeHtml
FNF:12
FNH:9
FNDA:17,PtyViewer
FNDA:17,connectedCallback
FNDA:18,disconnectedCallback
FNDA:0,get observedAttributes
FNDA:89,get sessionId
FNDA:0,handlePtyData
FNDA:17,render
FNDA:17,initTerminal
FNDA:17,attachToPty
FNDA:18,detachFromPty
FNDA:0,sendInput
FNDA:17,escapeHtml
DA:1,1
DA:2,1
DA:3,1
DA:4,17
DA:5,17
DA:6,17
DA:7,17
DA:8,17
DA:9,17
DA:10,17
DA:11,17
DA:12,17
DA:13,1
DA:14,1
DA:15,17
DA:16,17
DA:17,17
DA:18,17
DA:19,17
DA:20,17
DA:21,1
DA:22,1
DA:23,18
DA:24,18
DA:25,18
DA:26,18
DA:27,18
DA:28,18
DA:29,18
DA:30,18
DA:31,1
DA:32,1
DA:33,0
DA:34,0
DA:35,1
DA:36,1
DA:37,89
DA:38,89
DA:39,1
DA:40,1
DA:41,1
DA:42,1
DA:43,1
DA:44,1
DA:45,0
DA:46,0
DA:47,0
DA:48,0
DA:49,0
DA:50,0
DA:51,0
DA:52,0
DA:53,0
DA:54,0
DA:55,0
DA:56,0
DA:57,0
DA:58,0
DA:59,0
DA:60,0
DA:61,1
DA:62,1
DA:63,17
DA:64,17
DA:65,17
DA:66,17
DA:67,17
DA:68,17
DA:69,17
DA:70,17
DA:71,17
DA:72,17
DA:73,17
DA:74,17
DA:75,17
DA:76,17
DA:77,17
DA:78,17
DA:79,17
DA:80,17
DA:81,17
DA:82,17
DA:83,17
DA:84,17
DA:85,17
DA:86,17
DA:87,17
DA:88,17
DA:89,17
DA:90,17
DA:91,17
DA:92,17
DA:93,17
DA:94,17
DA:95,17
DA:96,17
DA:97,17
DA:98,17
DA:99,17
DA:100,17
DA:101,17
DA:102,17
DA:103,17
DA:104,17
DA:105,17
DA:106,17
DA:107,17
DA:108,17
DA:109,17
DA:110,17
DA:111,17
DA:112,17
DA:113,17
DA:114,17
DA:115,17
DA:116,17
DA:117,17
DA:118,17
DA:119,17
DA:120,17
DA:121,17
DA:122,17
DA:123,17
DA:124,17
DA:125,17
DA:126,17
DA:127,17
DA:128,17
DA:129,17
DA:130,17
DA:131,17
DA:132,17
DA:133,17
DA:134,17
DA:135,17
DA:136,1
DA:137,17
DA:138,17
DA:139,1
DA:140,1
DA:141,17
DA:142,17
DA:143,0
DA:144,0
DA:145,0
DA:146,17
DA:147,17
DA:148,17
DA:149,17
DA:150,17
DA:151,17
DA:152,17
DA:153,17
DA:154,17
DA:155,17
DA:156,17
DA:157,17
DA:158,17
DA:159,17
DA:160,17
DA:161,17
DA:162,17
DA:163,17
DA:164,17
DA:165,17
DA:166,17
DA:167,17
DA:168,17
DA:169,17
DA:170,17
DA:171,17
DA:172,17
DA:173,17
DA:174,17
DA:175,17
DA:176,17
DA:177,17
DA:178,17
DA:179,17
DA:180,17
DA:181,17
DA:182,17
DA:183,17
DA:184,17
DA:185,17
DA:186,17
DA:187,0
DA:188,17
DA:189,17
DA:190,17
DA:191,17
DA:192,17
DA:193,17
DA:194,17
DA:195,17
DA:196,1
DA:197,1
DA:198,17
DA:199,17
DA:200,17
DA:201,17
DA:202,17
DA:203,17
DA:204,17
DA:205,17
DA:206,17
DA:207,1
DA:208,1
DA:209,18
DA:210,17
DA:211,17
DA:212,17
DA:213,17
DA:214,17
DA:215,17
DA:216,17
DA:217,18
DA:218,1
DA:219,1
DA:220,0
DA:221,0
DA:222,0
DA:223,0
DA:224,0
DA:225,0
DA:226,0
DA:227,0
DA:228,0
DA:229,0
DA:230,1
DA:231,1
DA:232,17
DA:233,17
DA:234,17
DA:235,17
DA:236,1
DA:237,1
DA:238,1
LF:238
LH:206
BRDA:1,0,0,1
BRDA:3,1,0,17
BRDA:14,2,0,17
BRDA:22,3,0,18
BRDA:36,4,0,89
BRDA:62,5,0,17
BRDA:125,6,0,0
BRDA:135,7,0,1
BRDA:140,8,0,17
BRDA:142,9,0,0
BRDA:197,10,0,17
BRDA:198,11,0,0
BRDA:208,12,0,18
BRDA:209,13,0,1
BRDA:210,14,0,17
BRDA:231,15,0,17
BRF:16
BRH:13
end_of_record
TN:
SF:src/observability/app/components/thread-view.mjs
FN:3,ThreadView
FN:16,connectedCallback
FN:21,disconnectedCallback
FN:27,get observedAttributes
FN:31,attributeChangedCallback
FN:39,set events
FN:49,get events
FN:65,set filter
FN:70,get filter
FN:79,set currentChannel
FN:84,get currentChannel
FN:93,scrollToBottom
FN:102,setupScrollDetection
FN:122,isScrolledToBottom
FN:129,render
FN:463,renderEvent
FN:483,formatTimestamp
FN:492,renderUserMessage
FN:509,renderAgentMessage
FN:533,renderToolCall
FN:574,renderToolResponse
FN:605,renderThinking
FN:638,renderGenericEvent
FN:662,escapeHtml
FNF:24
FNH:19
FNDA:17,ThreadView
FNDA:17,connectedCallback
FNDA:17,disconnectedCallback
FNDA:1,get observedAttributes
FNDA:0,attributeChangedCallback
FNDA:13,set events
FNDA:0,get events
FNDA:2,set filter
FNDA:1,get filter
FNDA:12,set currentChannel
FNDA:25,get currentChannel
FNDA:13,scrollToBottom
FNDA:61,setupScrollDetection
FNDA:0,isScrolledToBottom
FNDA:44,render
FNDA:24,renderEvent
FNDA:24,formatTimestamp
FNDA:11,renderUserMessage
FNDA:7,renderAgentMessage
FNDA:4,renderToolCall
FNDA:0,renderToolResponse
FNDA:2,renderThinking
FNDA:0,renderGenericEvent
FNDA:41,escapeHtml
DA:1,1
DA:2,1
DA:3,1
DA:4,17
DA:5,17
DA:6,17
DA:7,17
DA:8,17
DA:9,17
DA:10,17
DA:11,17
DA:12,17
DA:13,17
DA:14,17
DA:15,1
DA:16,1
DA:17,17
DA:18,17
DA:19,17
DA:20,1
DA:21,1
DA:22,17
DA:23,0
DA:24,0
DA:25,17
DA:26,1
DA:27,1
DA:28,1
DA:29,1
DA:30,1
DA:31,1
DA:32,0
DA:33,0
DA:34,0
DA:35,0
DA:36,0
DA:37,1
DA:38,1
DA:39,1
DA:40,13
DA:41,13
DA:42,13
DA:43,13
DA:44,13
DA:45,13
DA:46,13
DA:47,13
DA:48,1
DA:49,1
DA:50,0
DA:51,0
DA:52,0
DA:53,0
DA:54,0
DA:55,0
DA:56,0
DA:57,0
DA:58,0
DA:59,0
DA:60,0
DA:61,0
DA:62,0
DA:63,0
DA:64,1
DA:65,1
DA:66,2
DA:67,2
DA:68,2
DA:69,1
DA:70,1
DA:71,1
DA:72,1
DA:73,1
DA:74,1
DA:75,0
DA:76,1
DA:77,1
DA:78,1
DA:79,1
DA:80,12
DA:81,12
DA:82,12
DA:83,1
DA:84,1
DA:85,25
DA:86,25
DA:87,3
DA:88,3
DA:89,22
DA:90,22
DA:91,25
DA:92,1
DA:93,1
DA:94,13
DA:95,13
DA:96,13
DA:97,13
DA:98,13
DA:99,13
DA:100,13
DA:101,1
DA:102,1
DA:103,61
DA:104,61
DA:105,61
DA:106,61
DA:107,0
DA:108,0
DA:109,0
DA:110,0
DA:111,0
DA:112,0
DA:113,0
DA:114,0
DA:115,0
DA:116,0
DA:117,0
DA:118,0
DA:119,61
DA:120,61
DA:121,1
DA:122,1
DA:123,0
DA:124,0
DA:125,0
DA:126,0
DA:127,0
DA:128,1
DA:129,1
DA:130,44
DA:131,44
DA:132,44
DA:133,44
DA:134,44
DA:135,44
DA:136,44
DA:137,44
DA:138,44
DA:139,44
DA:140,44
DA:141,44
DA:142,44
DA:143,44
DA:144,44
DA:145,44
DA:146,44
DA:147,44
DA:148,44
DA:149,44
DA:150,44
DA:151,44
DA:152,44
DA:153,44
DA:154,44
DA:155,44
DA:156,44
DA:157,44
DA:158,44
DA:159,44
DA:160,44
DA:161,44
DA:162,44
DA:163,44
DA:164,44
DA:165,44
DA:166,44
DA:167,44
DA:168,44
DA:169,44
DA:170,44
DA:171,44
DA:172,44
DA:173,44
DA:174,44
DA:175,44
DA:176,44
DA:177,44
DA:178,44
DA:179,44
DA:180,44
DA:181,44
DA:182,44
DA:183,44
DA:184,44
DA:185,44
DA:186,44
DA:187,44
DA:188,44
DA:189,44
DA:190,44
DA:191,44
DA:192,44
DA:193,44
DA:194,44
DA:195,44
DA:196,44
DA:197,44
DA:198,44
DA:199,44
DA:200,44
DA:201,44
DA:202,44
DA:203,44
DA:204,44
DA:205,44
DA:206,44
DA:207,44
DA:208,44
DA:209,44
DA:210,44
DA:211,44
DA:212,44
DA:213,44
DA:214,44
DA:215,44
DA:216,44
DA:217,44
DA:218,44
DA:219,44
DA:220,44
DA:221,44
DA:222,44
DA:223,44
DA:224,44
DA:225,44
DA:226,44
DA:227,44
DA:228,44
DA:229,44
DA:230,44
DA:231,44
DA:232,44
DA:233,44
DA:234,44
DA:235,44
DA:236,44
DA:237,44
DA:238,44
DA:239,44
DA:240,44
DA:241,44
DA:242,44
DA:243,44
DA:244,44
DA:245,44
DA:246,44
DA:247,44
DA:248,44
DA:249,44
DA:250,44
DA:251,44
DA:252,44
DA:253,44
DA:254,44
DA:255,44
DA:256,44
DA:257,44
DA:258,44
DA:259,44
DA:260,44
DA:261,44
DA:262,44
DA:263,44
DA:264,44
DA:265,44
DA:266,44
DA:267,44
DA:268,44
DA:269,44
DA:270,44
DA:271,44
DA:272,44
DA:273,44
DA:274,44
DA:275,44
DA:276,44
DA:277,44
DA:278,44
DA:279,44
DA:280,44
DA:281,44
DA:282,44
DA:283,44
DA:284,44
DA:285,44
DA:286,44
DA:287,44
DA:288,44
DA:289,44
DA:290,44
DA:291,44
DA:292,44
DA:293,44
DA:294,44
DA:295,44
DA:296,44
DA:297,44
DA:298,44
DA:299,44
DA:300,44
DA:301,44
DA:302,44
DA:303,44
DA:304,44
DA:305,44
DA:306,44
DA:307,44
DA:308,44
DA:309,44
DA:310,44
DA:311,44
DA:312,44
DA:313,44
DA:314,44
DA:315,44
DA:316,44
DA:317,44
DA:318,44
DA:319,44
DA:320,44
DA:321,44
DA:322,44
DA:323,44
DA:324,44
DA:325,44
DA:326,44
DA:327,44
DA:328,44
DA:329,44
DA:330,44
DA:331,44
DA:332,44
DA:333,44
DA:334,44
DA:335,44
DA:336,44
DA:337,44
DA:338,44
DA:339,44
DA:340,44
DA:341,44
DA:342,44
DA:343,44
DA:344,44
DA:345,44
DA:346,44
DA:347,44
DA:348,44
DA:349,44
DA:350,44
DA:351,44
DA:352,44
DA:353,44
DA:354,44
DA:355,44
DA:356,44
DA:357,44
DA:358,44
DA:359,44
DA:360,44
DA:361,44
DA:362,44
DA:363,44
DA:364,44
DA:365,44
DA:366,44
DA:367,44
DA:368,44
DA:369,44
DA:370,44
DA:371,44
DA:372,44
DA:373,44
DA:374,44
DA:375,44
DA:376,44
DA:377,44
DA:378,44
DA:379,44
DA:380,44
DA:381,44
DA:382,44
DA:383,44
DA:384,44
DA:385,44
DA:386,44
DA:387,44
DA:388,44
DA:389,44
DA:390,44
DA:391,44
DA:392,44
DA:393,44
DA:394,44
DA:395,44
DA:396,44
DA:397,44
DA:398,44
DA:399,44
DA:400,44
DA:401,44
DA:402,44
DA:403,44
DA:404,25
DA:405,25
DA:406,25
DA:407,44
DA:408,44
DA:409,44
DA:410,44
DA:411,44
DA:412,44
DA:413,44
DA:414,44
DA:415,44
DA:416,24
DA:417,1
DA:418,1
DA:419,1
DA:420,1
DA:421,1
DA:422,24
DA:423,44
DA:424,44
DA:425,44
DA:426,28
DA:427,0
DA:428,0
DA:429,0
DA:430,0
DA:431,0
DA:432,28
DA:433,44
DA:434,44
DA:435,44
DA:436,44
DA:437,0
DA:438,0
DA:439,0
DA:440,0
DA:441,44
DA:442,44
DA:443,44
DA:444,44
DA:445,0
DA:446,0
DA:447,0
DA:448,0
DA:449,0
DA:450,0
DA:451,0
DA:452,0
DA:453,0
DA:454,0
DA:455,0
DA:456,0
DA:457,0
DA:458,0
DA:459,0
DA:460,44
DA:461,44
DA:462,1
DA:463,1
DA:464,24
DA:465,24
DA:466,24
DA:467,24
DA:468,24
DA:469,11
DA:470,24
DA:471,7
DA:472,24
DA:473,4
DA:474,24
DA:475,0
DA:476,24
DA:477,2
DA:478,24
DA:479,0
DA:480,24
DA:481,24
DA:482,1
DA:483,1
DA:484,24
DA:485,24
DA:486,24
DA:487,24
DA:488,24
DA:489,24
DA:490,24
DA:491,1
DA:492,1
DA:493,11
DA:494,11
DA:495,11
DA:496,11
DA:497,11
DA:498,11
DA:499,11
DA:500,11
DA:501,11
DA:502,11
DA:503,11
DA:504,11
DA:505,11
DA:506,11
DA:507,11
DA:508,1
DA:509,1
DA:510,7
DA:511,7
DA:512,7
DA:513,7
DA:514,7
DA:515,7
DA:516,7
DA:517,7
DA:518,7
DA:519,7
DA:520,7
DA:521,7
DA:522,7
DA:523,7
DA:524,7
DA:525,7
DA:526,7
DA:527,7
DA:528,7
DA:529,7
DA:530,7
DA:531,7
DA:532,1
DA:533,1
DA:534,4
DA:535,4
DA:536,4
DA:537,4
DA:538,4
DA:539,4
DA:540,4
DA:541,4
DA:542,4
DA:543,4
DA:544,4
DA:545,4
DA:546,4
DA:547,4
DA:548,4
DA:549,4
DA:550,4
DA:551,4
DA:552,4
DA:553,4
DA:554,4
DA:555,4
DA:556,4
DA:557,4
DA:558,4
DA:559,4
DA:560,0
DA:561,0
DA:562,0
DA:563,0
DA:564,0
DA:565,4
DA:566,4
DA:567,4
DA:568,4
DA:569,4
DA:570,4
DA:571,4
DA:572,4
DA:573,1
DA:574,1
DA:575,0
DA:576,0
DA:577,0
DA:578,0
DA:579,0
DA:580,0
DA:581,0
DA:582,0
DA:583,0
DA:584,0
DA:585,0
DA:586,0
DA:587,0
DA:588,0
DA:589,0
DA:590,0
DA:591,0
DA:592,0
DA:593,0
DA:594,0
DA:595,0
DA:596,0
DA:597,0
DA:598,0
DA:599,0
DA:600,0
DA:601,0
DA:602,0
DA:603,0
DA:604,1
DA:605,1
DA:606,2
DA:607,2
DA:608,2
DA:609,2
DA:610,2
DA:611,2
DA:612,2
DA:613,2
DA:614,2
DA:615,2
DA:616,2
DA:617,2
DA:618,2
DA:619,2
DA:620,2
DA:621,2
DA:622,2
DA:623,2
DA:624,2
DA:625,2
DA:626,2
DA:627,2
DA:628,2
DA:629,2
DA:630,2
DA:631,2
DA:632,2
DA:633,2
DA:634,2
DA:635,2
DA:636,2
DA:637,1
DA:638,1
DA:639,0
DA:640,0
DA:641,0
DA:642,0
DA:643,0
DA:644,0
DA:645,0
DA:646,0
DA:647,0
DA:648,0
DA:649,0
DA:650,0
DA:651,0
DA:652,0
DA:653,0
DA:654,0
DA:655,0
DA:656,0
DA:657,0
DA:658,0
DA:659,0
DA:660,0
DA:661,1
DA:662,1
DA:663,41
DA:664,41
DA:665,41
DA:666,41
DA:667,1
DA:668,1
DA:669,1
LF:669
LH:548
BRDA:1,0,0,1
BRDA:3,1,0,17
BRDA:16,2,0,17
BRDA:21,3,0,17
BRDA:22,4,0,0
BRDA:27,5,0,1
BRDA:39,6,0,13
BRDA:65,7,0,2
BRDA:66,8,0,0
BRDA:70,9,0,1
BRDA:75,10,0,0
BRDA:79,11,0,12
BRDA:84,12,0,25
BRDA:86,13,0,3
BRDA:89,14,0,22
BRDA:93,15,0,13
BRDA:94,16,0,13
BRDA:102,17,0,61
BRDA:104,18,0,0
BRDA:129,19,0,44
BRDA:131,20,0,0
BRDA:403,21,0,25
BRDA:405,22,0,3
BRDA:405,23,0,22
BRDA:407,24,0,19
BRDA:407,25,0,19
BRDA:415,26,0,24
BRDA:416,27,0,1
BRDA:418,28,0,1
BRDA:425,29,0,28
BRDA:463,30,0,24
BRDA:465,31,0,0
BRDA:468,32,0,11
BRDA:470,33,0,7
BRDA:472,34,0,4
BRDA:474,35,0,0
BRDA:476,36,0,2
BRDA:478,37,0,0
BRDA:483,38,0,24
BRDA:492,39,0,11
BRDA:500,40,0,0
BRDA:509,41,0,7
BRDA:510,42,0,0
BRDA:511,43,0,0
BRDA:521,44,0,0
BRDA:524,45,0,0
BRDA:533,46,0,4
BRDA:535,47,0,0
BRDA:536,48,0,0
BRDA:536,49,0,0
BRDA:537,50,0,0
BRDA:543,51,0,0
BRDA:552,52,0,0
BRDA:559,53,0,0
BRDA:605,54,0,2
BRDA:607,55,0,0
BRDA:609,56,0,0
BRDA:609,57,0,0
BRDA:613,58,0,0
BRDA:622,59,0,0
BRDA:629,60,0,0
BRDA:662,61,0,41
BRF:62
BRH:36
end_of_record
TN:
SF:tests/helpers/xterm-mock.mjs
FN:3,Terminal
FN:10,open
FN:14,write
FN:18,writeln
FN:22,clear
FN:26,dispose
FN:32,onData
FN:36,focus
FN:40,fit
FN:44,resize
FN:50,FitAddon
FN:54,fit
FN:58,activate
FNF:13
FNH:5
FNDA:17,Terminal
FNDA:17,open
FNDA:0,write
FNDA:17,writeln
FNDA:0,clear
FNDA:18,dispose
FNDA:17,onData
FNDA:0,focus
FNDA:0,fit
FNDA:0,resize
FNDA:0,FitAddon
FNDA:0,fit
FNDA:0,activate
DA:1,1
DA:2,1
DA:3,1
DA:4,17
DA:5,17
DA:6,17
DA:7,17
DA:8,17
DA:9,1
DA:10,1
DA:11,17
DA:12,17
DA:13,1
DA:14,1
DA:15,0
DA:16,0
DA:17,1
DA:18,1
DA:19,17
DA:20,17
DA:21,1
DA:22,1
DA:23,0
DA:24,0
DA:25,1
DA:26,1
DA:27,18
DA:28,17
DA:29,17
DA:30,18
DA:31,1
DA:32,1
DA:33,17
DA:34,17
DA:35,1
DA:36,1
DA:37,0
DA:38,0
DA:39,1
DA:40,1
DA:41,0
DA:42,0
DA:43,1
DA:44,1
DA:45,0
DA:46,0
DA:47,1
DA:48,1
DA:49,1
DA:50,1
DA:51,0
DA:52,0
DA:53,1
DA:54,1
DA:55,0
DA:56,0
DA:57,1
DA:58,1
DA:59,0
DA:60,0
DA:61,1
DA:62,1
DA:63,1
DA:64,1
DA:65,1
DA:66,1
DA:67,1
DA:68,1
DA:69,1
LF:69
LH:53
BRDA:1,0,0,1
BRDA:3,1,0,17
BRDA:10,2,0,17
BRDA:18,3,0,17
BRDA:26,4,0,18
BRDA:27,5,0,17
BRDA:32,6,0,17
BRF:7
BRH:7
end_of_record
